2026-01-10 17:33:41,141 - GVPA - INFO - code_graph_builder.py:94 - Starting graph layout generation...
2026-01-10 17:38:33,872 - GVPA - INFO - main.py:6 - Starting GVPA...
2026-01-10 17:38:43,651 - GVPA - INFO - project_manager.py:12 - Opened project: D:/Github/Eliza-test
2026-01-10 17:38:46,441 - GVPA - INFO - main_window.py:455 - Analyzing full project: D:/Github/Eliza-test
2026-01-10 17:38:49,282 - GVPA - INFO - main_window.py:460 - Project analysis complete. Functions: 2107, Calls: 970
2026-01-10 17:38:49,286 - GVPA - INFO - main_window.py:469 - Building project graph...
2026-01-10 17:38:49,286 - GVPA - INFO - code_graph_builder.py:94 - Starting graph layout generation...
2026-01-10 17:38:49,544 - GVPA - INFO - main_window.py:475 - Project graph generated.
2026-01-10 17:38:53,421 - GVPA - INFO - node_graph.py:416 - Graph autosaved
2026-01-10 17:39:12,172 - GVPA - INFO - node_graph.py:416 - Graph autosaved
2026-01-10 17:39:14,160 - GVPA - INFO - node_graph.py:416 - Graph autosaved
2026-01-10 17:39:22,389 - GVPA - INFO - node_graph.py:416 - Graph autosaved
2026-01-10 17:39:23,386 - GVPA - INFO - node_graph.py:416 - Graph autosaved
2026-01-10 17:39:27,617 - GVPA - INFO - node_graph.py:416 - Graph autosaved
2026-01-10 17:39:29,492 - GVPA - INFO - main.py:13 - GVPA exited normally.
2026-01-10 17:46:29,148 - GVPA - INFO - code_graph_builder.py:102 - Starting graph layout generation...
2026-01-10 17:55:25,522 - GVPA - INFO - code_graph_builder.py:102 - Starting graph layout generation...
2026-01-10 17:56:04,148 - GVPA - INFO - code_graph_builder.py:102 - Starting graph layout generation...
2026-01-10 17:56:38,392 - GVPA - INFO - code_graph_builder.py:102 - Starting graph layout generation...
2026-01-10 17:57:06,593 - GVPA - INFO - code_graph_builder.py:102 - Starting graph layout generation...
2026-01-10 18:10:54,944 - GVPA - INFO - code_graph_builder.py:103 - Starting graph layout generation...
2026-01-10 18:30:52,777 - GVPA - INFO - code_graph_builder.py:98 - Starting graph layout generation...
2026-01-10 18:42:55,379 - GVPA - INFO - code_graph_builder.py:98 - Starting graph layout generation...
2026-01-10 18:53:49,000 - GVPA - INFO - code_graph_builder.py:108 - Starting graph layout generation...
2026-01-10 18:53:49,000 - GVPA - INFO - code_graph_builder.py:116 - Graph exceeds safety thresholds (funcs=2500, calls=1500). Using aggregated file-level graph.
2026-01-10 18:53:49,001 - GVPA - INFO - code_graph_builder.py:440 - Building aggregated file-level graph...
2026-01-10 18:53:49,104 - GVPA - INFO - code_graph_builder.py:533 - Aggregated graph built: files=50, edges=1116
2026-01-10 19:13:25,591 - GVPA - INFO - code_graph_builder.py:108 - Starting graph layout generation...
2026-01-10 19:13:25,598 - GVPA - INFO - code_graph_builder.py:306 - Skipping detailed cycle check (edges=204 > 200)
2026-01-10 19:13:49,576 - GVPA - INFO - code_graph_builder.py:108 - Starting graph layout generation...
2026-01-10 19:13:49,582 - GVPA - INFO - code_graph_builder.py:306 - Skipping detailed cycle check (edges=204 > 200)
2026-01-10 19:14:11,867 - GVPA - INFO - code_graph_builder.py:108 - Starting graph layout generation...
2026-01-10 19:14:11,873 - GVPA - INFO - code_graph_builder.py:306 - Skipping detailed cycle check (edges=204 > 200)
